<?xml version="1.0" encoding="UTF-8"?>
<!-- Generated by org.testng.reporters.JUnitReportReporter -->
<testsuite skipped="0" hostname="Nidhi" name="com.testcases.TestCaseExcel" tests="1" failures="0" timestamp="15 Jan 2019 16:41:20 GMT" time="19.844" errors="0">
  <testcase name="loginToGmail" time="19.844" classname="com.testcases.TestCaseExcel"/>
</testsuite> <!-- com.testcases.TestCaseExcel -->
