<?xml version="1.0" encoding="UTF-8"?>
<!-- Generated by org.testng.reporters.JUnitReportReporter -->
<testsuite skipped="0" hostname="Nidhi" name="com.testcases.TC_03_SendMessage" tests="1" failures="0" timestamp="15 Jan 2019 11:16:21 GMT" time="45.149" errors="0">
  <testcase name="loginToGmail" time="45.149" classname="com.testcases.TC_03_SendMessage"/>
</testsuite> <!-- com.testcases.TC_03_SendMessage -->
