<?xml version="1.0" encoding="UTF-8"?>
<!-- Generated by org.testng.reporters.JUnitReportReporter -->
<testsuite skipped="0" hostname="Nidhi" name="com.testcases.TC_01_LoginTestCase" tests="1" failures="0" timestamp="15 Jan 2019 16:16:02 GMT" time="12.986" errors="0">
  <testcase name="loginToGmail" time="12.986" classname="com.testcases.TC_01_LoginTestCase"/>
</testsuite> <!-- com.testcases.TC_01_LoginTestCase -->
