<?xml version="1.0" encoding="UTF-8"?>
<!-- Generated by org.testng.reporters.JUnitReportReporter -->
<testsuite skipped="0" hostname="Nidhi" name="com.testcases.TC_02_ChangeDpTestCase" tests="1" failures="0" timestamp="15 Jan 2019 16:24:40 GMT" time="23.553" errors="0">
  <testcase name="changeDpGmail" time="23.553" classname="com.testcases.TC_02_ChangeDpTestCase"/>
</testsuite> <!-- com.testcases.TC_02_ChangeDpTestCase -->
